
> superProductivity@17.0.11 buildFrontend:dev
> npm run env && ng build --configuration development


> superProductivity@17.0.11 env
> node ./tools/load-env.js

éˆ¿ç‹…ç¬  No environment variables found
é‰?Generated D:\B_Code\super-productivity\src\app\config\env.generated.ts
[33mé‰‚?[39m Building...
One or more browsers which are configured in the project's Browserslist configuration fall outside Angular's browser support for this version.
Unsupported browsers:
chrome 107
[32mé‰?[39m Building...
Application bundle generation failed. [22.153 seconds] - 2026-01-29T18:26:30.547Z

X [ERROR] TS2307: Cannot find module '@noble/ciphers/aes.js' or its corresponding type declarations. [plugin angular-compiler]

    src/app/op-log/encryption/encryption.ts:2:20:
      2 éˆ¹?import { gcm } from '@noble/ciphers/aes.js';
        éˆº?                    ~~~~~~~~~~~~~~~~~~~~~~~


X [ERROR] Could not resolve "@noble/ciphers/aes.js"

    src/app/op-log/encryption/encryption.ts:2:20:
      2 éˆ¹?import { gcm } from '@noble/ciphers/aes.js';
        éˆº?                    ~~~~~~~~~~~~~~~~~~~~~~~

  You can mark the path "@noble/ciphers/aes.js" as external to exclude it from the bundle, which will remove this error and leave the unresolved path in the bundle.


